2025-10-11 12:50:02,823 | INFO | info:124 | Logging system initialized
2025-10-11 12:50:02,849 | INFO | info:124 | DFS Optimizer v2.1 started with enhanced features
2025-10-11 12:50:02,882 | INFO | info:124 | Starting operation: load_player_data
2025-10-11 12:50:03,023 | INFO | info:124 | Loaded 168 players with enhanced features
2025-10-11 12:50:03,024 | INFO | info:124 | Completed operation: load_player_data in 0.142s
2025-10-11 12:50:56,409 | INFO | info:124 | Logging system initialized
2025-10-11 12:50:56,412 | INFO | info:124 | DFS Optimizer v2.1 started with enhanced features
2025-10-11 12:51:15,697 | INFO | info:124 | Logging system initialized
2025-10-11 12:51:15,703 | INFO | info:124 | DFS Optimizer v2.1 started with enhanced features
2025-10-11 12:51:19,459 | INFO | info:124 | Logging system initialized
2025-10-11 12:51:19,462 | INFO | info:124 | DFS Optimizer v2.1 started with enhanced features
2025-10-11 12:52:54,528 | INFO | info:124 | Logging system initialized
2025-10-11 12:52:54,529 | INFO | info:124 | DFS Optimizer v2.1 started with enhanced features
2025-10-11 12:53:59,983 | INFO | info:124 | Logging system initialized
2025-10-11 12:53:59,984 | INFO | info:124 | DFS Optimizer v2.1 started with enhanced features
2025-10-11 12:54:05,114 | INFO | info:124 | Logging system initialized
2025-10-11 12:54:05,117 | INFO | info:124 | DFS Optimizer v2.1 started with enhanced features
2025-10-11 12:54:07,728 | INFO | info:124 | Logging system initialized
2025-10-11 12:54:07,729 | INFO | info:124 | DFS Optimizer v2.1 started with enhanced features
2025-10-11 12:56:09,422 | INFO | info:124 | Logging system initialized
2025-10-11 12:56:09,424 | INFO | info:124 | DFS Optimizer v2.1 started with enhanced features
2025-10-11 12:56:43,495 | INFO | info:124 | Logging system initialized
2025-10-11 12:56:43,498 | INFO | info:124 | DFS Optimizer v2.1 started with enhanced features
2025-10-11 14:55:09,309 | INFO | info:124 | Logging system initialized
2025-10-11 14:55:09,311 | INFO | info:124 | DFS Optimizer v2.1 started with enhanced features
2025-10-11 14:55:12,284 | INFO | info:124 | Logging system initialized
2025-10-11 14:55:12,285 | INFO | info:124 | DFS Optimizer v2.1 started with enhanced features
2025-10-11 14:55:18,791 | INFO | info:124 | Logging system initialized
2025-10-11 14:55:18,792 | INFO | info:124 | DFS Optimizer v2.1 started with enhanced features
2025-10-11 15:03:04,040 | INFO | info:124 | Logging system initialized
2025-10-11 15:03:04,041 | INFO | info:124 | DFS Optimizer v2.1 started with enhanced features
2025-10-11 15:03:06,241 | INFO | info:124 | Logging system initialized
2025-10-11 15:03:06,241 | INFO | info:124 | DFS Optimizer v2.1 started with enhanced features
2025-10-11 15:03:09,522 | INFO | info:124 | Logging system initialized
2025-10-11 15:03:09,524 | INFO | info:124 | DFS Optimizer v2.1 started with enhanced features
2025-10-11 15:31:01,456 | INFO | info:124 | Logging system initialized
2025-10-11 15:31:01,456 | INFO | info:124 | DFS Optimizer v2.1 started with enhanced features
2025-10-11 15:31:01,468 | INFO | info:124 | Starting operation: load_player_data
2025-10-11 15:31:01,520 | INFO | info:124 | Loaded 168 players with enhanced features
2025-10-11 15:31:01,520 | INFO | info:124 | Completed operation: load_player_data in 0.053s
2025-10-11 15:31:10,725 | INFO | info:124 | Logging system initialized
2025-10-11 15:31:10,726 | INFO | info:124 | DFS Optimizer v2.1 started with enhanced features
2025-10-11 15:31:14,494 | INFO | info:124 | Logging system initialized
2025-10-11 15:31:14,495 | INFO | info:124 | DFS Optimizer v2.1 started with enhanced features
2025-10-11 15:32:48,417 | INFO | info:124 | Logging system initialized
2025-10-11 15:32:48,418 | INFO | info:124 | DFS Optimizer v2.1 started with enhanced features
2025-10-11 15:32:57,729 | INFO | info:124 | Logging system initialized
2025-10-11 15:32:57,735 | INFO | info:124 | DFS Optimizer v2.1 started with enhanced features
2025-10-11 15:33:03,167 | INFO | info:124 | Logging system initialized
2025-10-11 15:33:03,171 | INFO | info:124 | DFS Optimizer v2.1 started with enhanced features
2025-10-11 15:36:44,086 | INFO | info:124 | Logging system initialized
2025-10-11 15:36:44,108 | INFO | info:124 | DFS Optimizer v2.1 started with enhanced features
2025-10-11 15:36:51,547 | INFO | info:124 | Logging system initialized
2025-10-11 15:36:51,553 | INFO | info:124 | DFS Optimizer v2.1 started with enhanced features
2025-10-11 15:36:58,614 | INFO | info:124 | Logging system initialized
2025-10-11 15:36:58,619 | INFO | info:124 | DFS Optimizer v2.1 started with enhanced features
2025-10-11 15:44:27,854 | INFO | info:124 | Logging system initialized
2025-10-11 15:44:27,867 | INFO | info:124 | DFS Optimizer v2.1 started with enhanced features
2025-10-11 15:44:27,879 | INFO | info:124 | Starting operation: load_player_data
2025-10-11 15:44:27,939 | INFO | info:124 | Loaded 168 players with enhanced features
2025-10-11 15:44:27,940 | INFO | info:124 | Completed operation: load_player_data in 0.061s
2025-10-11 15:44:32,003 | INFO | info:124 | Logging system initialized
2025-10-11 15:44:32,011 | INFO | info:124 | DFS Optimizer v2.1 started with enhanced features
2025-10-11 15:44:36,253 | INFO | info:124 | Logging system initialized
2025-10-11 15:44:36,258 | INFO | info:124 | DFS Optimizer v2.1 started with enhanced features
2025-10-11 18:31:52,268 | INFO | info:124 | Logging system initialized
2025-10-11 18:31:52,272 | INFO | info:124 | DFS Optimizer v2.1 started with enhanced features
2025-10-11 18:31:52,301 | INFO | info:124 | Starting operation: load_player_data
2025-10-11 18:31:52,416 | INFO | info:124 | Loaded 168 players with enhanced features
2025-10-11 18:31:52,417 | INFO | info:124 | Completed operation: load_player_data in 0.115s
2025-10-11 18:32:00,996 | INFO | info:124 | Logging system initialized
2025-10-11 18:32:00,998 | INFO | info:124 | DFS Optimizer v2.1 started with enhanced features
2025-10-11 18:32:15,131 | INFO | info:124 | Logging system initialized
2025-10-11 18:32:15,135 | INFO | info:124 | DFS Optimizer v2.1 started with enhanced features
2025-10-11 18:38:05,140 | INFO | info:124 | Logging system initialized
2025-10-11 18:38:05,142 | INFO | info:124 | DFS Optimizer v2.1 started with enhanced features
2025-10-11 18:38:05,171 | INFO | info:124 | Starting operation: load_player_data
2025-10-11 18:38:05,245 | INFO | info:124 | Loaded 168 players with enhanced features
2025-10-11 18:38:05,245 | INFO | info:124 | Completed operation: load_player_data in 0.075s
2025-10-11 18:38:11,309 | INFO | info:124 | Logging system initialized
2025-10-11 18:38:11,310 | INFO | info:124 | DFS Optimizer v2.1 started with enhanced features
2025-10-11 18:38:22,870 | INFO | info:124 | Logging system initialized
2025-10-11 18:38:22,873 | INFO | info:124 | DFS Optimizer v2.1 started with enhanced features
2025-10-11 18:38:28,645 | INFO | info:124 | Logging system initialized
2025-10-11 18:38:28,648 | INFO | info:124 | DFS Optimizer v2.1 started with enhanced features
2025-10-11 18:39:55,460 | INFO | info:124 | Logging system initialized
2025-10-11 18:39:55,465 | INFO | info:124 | DFS Optimizer v2.1 started with enhanced features
2025-10-11 18:42:55,236 | INFO | info:124 | Logging system initialized
2025-10-11 18:42:55,238 | INFO | info:124 | DFS Optimizer v2.1 started with enhanced features
2025-10-11 18:42:55,271 | INFO | info:124 | Starting operation: load_player_data
2025-10-11 18:42:55,356 | INFO | info:124 | Loaded 168 players with enhanced features
2025-10-11 18:42:55,356 | INFO | info:124 | Completed operation: load_player_data in 0.086s
2025-10-11 18:43:09,663 | INFO | info:124 | Logging system initialized
2025-10-11 18:43:09,668 | INFO | info:124 | DFS Optimizer v2.1 started with enhanced features
2025-10-11 18:43:19,919 | INFO | info:124 | Logging system initialized
2025-10-11 18:43:19,925 | INFO | info:124 | DFS Optimizer v2.1 started with enhanced features
2025-10-11 18:43:27,920 | INFO | info:124 | Logging system initialized
2025-10-11 18:43:27,925 | INFO | info:124 | DFS Optimizer v2.1 started with enhanced features
2025-10-11 18:50:28,805 | INFO | info:124 | Logging system initialized
2025-10-11 18:50:28,807 | INFO | info:124 | DFS Optimizer v2.1 started with enhanced features
2025-10-11 18:50:28,843 | INFO | info:124 | Starting operation: load_player_data
2025-10-11 18:50:28,934 | INFO | info:124 | Loaded 168 players with enhanced features
2025-10-11 18:50:28,935 | INFO | info:124 | Completed operation: load_player_data in 0.092s
2025-10-11 18:52:34,989 | INFO | info:124 | Logging system initialized
2025-10-11 18:52:34,991 | INFO | info:124 | DFS Optimizer v2.1 started with enhanced features
2025-10-11 18:52:35,027 | INFO | info:124 | Starting operation: load_player_data
2025-10-11 18:52:35,126 | INFO | info:124 | Loaded 168 players with enhanced features
2025-10-11 18:52:35,127 | INFO | info:124 | Completed operation: load_player_data in 0.101s
2025-10-11 18:53:46,069 | INFO | info:124 | Logging system initialized
2025-10-11 18:53:46,071 | INFO | info:124 | DFS Optimizer v2.1 started with enhanced features
2025-10-11 18:53:46,105 | INFO | info:124 | Starting operation: load_player_data
2025-10-11 18:53:46,191 | INFO | info:124 | Loaded 168 players with enhanced features
2025-10-11 18:53:46,192 | INFO | info:124 | Completed operation: load_player_data in 0.086s
2025-10-11 18:54:05,562 | INFO | info:124 | Logging system initialized
2025-10-11 18:54:05,566 | INFO | info:124 | DFS Optimizer v2.1 started with enhanced features
2025-10-11 18:54:10,961 | INFO | info:124 | Logging system initialized
2025-10-11 18:54:10,965 | INFO | info:124 | DFS Optimizer v2.1 started with enhanced features
2025-10-11 19:03:57,735 | INFO | info:124 | Logging system initialized
2025-10-11 19:03:57,742 | INFO | info:124 | DFS Optimizer v2.1 started with enhanced features
2025-10-11 19:04:03,241 | INFO | info:124 | Logging system initialized
2025-10-11 19:04:03,247 | INFO | info:124 | DFS Optimizer v2.1 started with enhanced features
2025-10-11 19:04:10,261 | INFO | info:124 | Logging system initialized
2025-10-11 19:04:10,267 | INFO | info:124 | DFS Optimizer v2.1 started with enhanced features
2025-10-11 19:30:29,407 | INFO | info:124 | Logging system initialized
2025-10-11 19:30:29,409 | INFO | info:124 | DFS Optimizer v2.1 started with enhanced features
2025-10-11 19:30:29,437 | INFO | info:124 | Starting operation: load_player_data
2025-10-11 19:30:29,484 | INFO | info:124 | Loaded 168 players with enhanced features
2025-10-11 19:30:29,485 | INFO | info:124 | Completed operation: load_player_data in 0.047s
2025-10-11 19:32:52,841 | INFO | info:124 | Logging system initialized
2025-10-11 19:32:52,848 | INFO | info:124 | DFS Optimizer v2.1 started with enhanced features
2025-10-11 19:32:55,860 | INFO | info:124 | Logging system initialized
2025-10-11 19:32:55,865 | INFO | info:124 | DFS Optimizer v2.1 started with enhanced features
2025-10-11 19:33:02,799 | INFO | info:124 | Logging system initialized
2025-10-11 19:33:02,803 | INFO | info:124 | DFS Optimizer v2.1 started with enhanced features
2025-10-11 19:33:05,173 | INFO | info:124 | Logging system initialized
2025-10-11 19:33:05,177 | INFO | info:124 | DFS Optimizer v2.1 started with enhanced features
2025-10-11 19:33:12,903 | INFO | info:124 | Logging system initialized
2025-10-11 19:33:12,907 | INFO | info:124 | DFS Optimizer v2.1 started with enhanced features
2025-10-11 19:33:16,743 | INFO | info:124 | Logging system initialized
2025-10-11 19:33:16,752 | INFO | info:124 | DFS Optimizer v2.1 started with enhanced features
2025-10-11 19:33:22,797 | INFO | info:124 | Logging system initialized
2025-10-11 19:33:22,800 | INFO | info:124 | DFS Optimizer v2.1 started with enhanced features
