2025-10-13 08:32:29,196 | INFO | info:124 | Logging system initialized
2025-10-13 08:32:29,227 | INFO | info:124 | DFS Optimizer v2.1 started with enhanced features
2025-10-13 08:32:29,378 | INFO | info:124 | Starting operation: load_player_data
2025-10-13 08:32:29,676 | INFO | info:124 | Loaded 168 players with enhanced features
2025-10-13 08:32:29,676 | INFO | info:124 | Completed operation: load_player_data in 0.298s
2025-10-13 08:33:10,700 | INFO | info:124 | Logging system initialized
2025-10-13 08:33:10,702 | INFO | info:124 | DFS Optimizer v2.1 started with enhanced features
2025-10-13 08:33:33,621 | INFO | info:124 | Logging system initialized
2025-10-13 08:33:33,625 | INFO | info:124 | DFS Optimizer v2.1 started with enhanced features
2025-10-13 08:33:50,757 | INFO | info:124 | Logging system initialized
2025-10-13 08:33:50,759 | INFO | info:124 | DFS Optimizer v2.1 started with enhanced features
2025-10-13 08:34:08,617 | INFO | info:124 | Logging system initialized
2025-10-13 08:34:08,620 | INFO | info:124 | DFS Optimizer v2.1 started with enhanced features
2025-10-13 08:34:47,599 | INFO | info:124 | Logging system initialized
2025-10-13 08:34:47,603 | INFO | info:124 | DFS Optimizer v2.1 started with enhanced features
2025-10-13 08:35:10,875 | INFO | info:124 | Logging system initialized
2025-10-13 08:35:10,876 | INFO | info:124 | DFS Optimizer v2.1 started with enhanced features
2025-10-13 08:35:27,546 | INFO | info:124 | Logging system initialized
2025-10-13 08:35:27,548 | INFO | info:124 | DFS Optimizer v2.1 started with enhanced features
2025-10-13 08:35:31,808 | INFO | info:124 | Logging system initialized
2025-10-13 08:35:31,812 | INFO | info:124 | DFS Optimizer v2.1 started with enhanced features
2025-10-13 08:35:44,397 | INFO | info:124 | Logging system initialized
2025-10-13 08:35:44,400 | INFO | info:124 | DFS Optimizer v2.1 started with enhanced features
2025-10-13 09:39:57,416 | INFO | info:124 | Logging system initialized
2025-10-13 09:39:57,420 | INFO | info:124 | DFS Optimizer v2.1 started with enhanced features
2025-10-13 09:40:21,552 | INFO | info:124 | Logging system initialized
2025-10-13 09:40:21,557 | INFO | info:124 | DFS Optimizer v2.1 started with enhanced features
2025-10-13 09:41:47,379 | INFO | info:124 | Logging system initialized
2025-10-13 09:41:47,382 | INFO | info:124 | DFS Optimizer v2.1 started with enhanced features
2025-10-13 09:42:08,394 | INFO | info:124 | Logging system initialized
2025-10-13 09:42:08,396 | INFO | info:124 | DFS Optimizer v2.1 started with enhanced features
2025-10-13 09:42:40,251 | INFO | info:124 | Logging system initialized
2025-10-13 09:42:40,254 | INFO | info:124 | DFS Optimizer v2.1 started with enhanced features
