2025-10-10 12:21:12,904 | INFO | info:124 | Logging system initialized
2025-10-10 12:21:12,906 | INFO | info:124 | DFS Optimizer v2.1 started with enhanced features
2025-10-10 12:21:12,939 | INFO | info:124 | Starting operation: load_player_data
2025-10-10 12:21:13,085 | INFO | info:124 | Loaded 168 players with enhanced features
2025-10-10 12:21:13,085 | INFO | info:124 | Completed operation: load_player_data in 0.146s
2025-10-10 12:21:56,679 | INFO | info:124 | Logging system initialized
2025-10-10 12:21:56,719 | INFO | info:124 | DFS Optimizer v2.1 started with enhanced features
2025-10-10 12:22:09,843 | INFO | info:124 | Logging system initialized
2025-10-10 12:22:09,847 | INFO | info:124 | DFS Optimizer v2.1 started with enhanced features
2025-10-10 12:22:16,126 | INFO | info:124 | Logging system initialized
2025-10-10 12:22:16,131 | INFO | info:124 | DFS Optimizer v2.1 started with enhanced features
2025-10-10 12:22:25,114 | INFO | info:124 | Logging system initialized
2025-10-10 12:22:25,115 | INFO | info:124 | DFS Optimizer v2.1 started with enhanced features
2025-10-10 12:22:25,990 | INFO | info:124 | Logging system initialized
2025-10-10 12:22:25,992 | INFO | info:124 | DFS Optimizer v2.1 started with enhanced features
2025-10-10 12:22:26,929 | INFO | info:124 | Logging system initialized
2025-10-10 12:22:26,930 | INFO | info:124 | DFS Optimizer v2.1 started with enhanced features
2025-10-10 12:22:27,760 | INFO | info:124 | Logging system initialized
2025-10-10 12:22:27,762 | INFO | info:124 | DFS Optimizer v2.1 started with enhanced features
2025-10-10 12:22:28,517 | INFO | info:124 | Logging system initialized
2025-10-10 12:22:28,518 | INFO | info:124 | DFS Optimizer v2.1 started with enhanced features
2025-10-10 12:22:29,119 | INFO | info:124 | Logging system initialized
2025-10-10 12:22:29,121 | INFO | info:124 | DFS Optimizer v2.1 started with enhanced features
2025-10-10 12:22:29,687 | INFO | info:124 | Logging system initialized
2025-10-10 12:22:29,688 | INFO | info:124 | DFS Optimizer v2.1 started with enhanced features
2025-10-10 12:22:30,369 | INFO | info:124 | Logging system initialized
2025-10-10 12:22:30,370 | INFO | info:124 | DFS Optimizer v2.1 started with enhanced features
2025-10-10 12:22:30,796 | INFO | info:124 | Logging system initialized
2025-10-10 12:22:30,797 | INFO | info:124 | DFS Optimizer v2.1 started with enhanced features
2025-10-10 12:22:31,293 | INFO | info:124 | Logging system initialized
2025-10-10 12:22:31,294 | INFO | info:124 | DFS Optimizer v2.1 started with enhanced features
2025-10-10 12:22:31,775 | INFO | info:124 | Logging system initialized
2025-10-10 12:22:31,775 | INFO | info:124 | DFS Optimizer v2.1 started with enhanced features
2025-10-10 12:22:32,420 | INFO | info:124 | Logging system initialized
2025-10-10 12:22:32,422 | INFO | info:124 | DFS Optimizer v2.1 started with enhanced features
2025-10-10 12:22:33,031 | INFO | info:124 | Logging system initialized
2025-10-10 12:22:33,032 | INFO | info:124 | DFS Optimizer v2.1 started with enhanced features
2025-10-10 12:22:33,518 | INFO | info:124 | Logging system initialized
2025-10-10 12:22:33,518 | INFO | info:124 | DFS Optimizer v2.1 started with enhanced features
2025-10-10 12:22:34,178 | INFO | info:124 | Logging system initialized
2025-10-10 12:22:34,179 | INFO | info:124 | DFS Optimizer v2.1 started with enhanced features
2025-10-10 12:22:34,751 | INFO | info:124 | Logging system initialized
2025-10-10 12:22:34,752 | INFO | info:124 | DFS Optimizer v2.1 started with enhanced features
2025-10-10 12:22:35,455 | INFO | info:124 | Logging system initialized
2025-10-10 12:22:35,457 | INFO | info:124 | DFS Optimizer v2.1 started with enhanced features
2025-10-10 12:22:36,162 | INFO | info:124 | Logging system initialized
2025-10-10 12:22:36,163 | INFO | info:124 | DFS Optimizer v2.1 started with enhanced features
2025-10-10 12:22:36,870 | INFO | info:124 | Logging system initialized
2025-10-10 12:22:36,871 | INFO | info:124 | DFS Optimizer v2.1 started with enhanced features
2025-10-10 12:22:37,585 | INFO | info:124 | Logging system initialized
2025-10-10 12:22:37,586 | INFO | info:124 | DFS Optimizer v2.1 started with enhanced features
2025-10-10 12:22:38,183 | INFO | info:124 | Logging system initialized
2025-10-10 12:22:38,184 | INFO | info:124 | DFS Optimizer v2.1 started with enhanced features
2025-10-10 12:22:38,822 | INFO | info:124 | Logging system initialized
2025-10-10 12:22:38,823 | INFO | info:124 | DFS Optimizer v2.1 started with enhanced features
2025-10-10 12:22:39,488 | INFO | info:124 | Logging system initialized
2025-10-10 12:22:39,490 | INFO | info:124 | DFS Optimizer v2.1 started with enhanced features
2025-10-10 12:22:40,156 | INFO | info:124 | Logging system initialized
2025-10-10 12:22:40,157 | INFO | info:124 | DFS Optimizer v2.1 started with enhanced features
2025-10-10 12:22:40,807 | INFO | info:124 | Logging system initialized
2025-10-10 12:22:40,807 | INFO | info:124 | DFS Optimizer v2.1 started with enhanced features
2025-10-10 12:22:41,567 | INFO | info:124 | Logging system initialized
2025-10-10 12:22:41,569 | INFO | info:124 | DFS Optimizer v2.1 started with enhanced features
2025-10-10 12:22:42,407 | INFO | info:124 | Logging system initialized
2025-10-10 12:22:42,409 | INFO | info:124 | DFS Optimizer v2.1 started with enhanced features
2025-10-10 12:22:43,284 | INFO | info:124 | Logging system initialized
2025-10-10 12:22:43,286 | INFO | info:124 | DFS Optimizer v2.1 started with enhanced features
2025-10-10 12:22:44,008 | INFO | info:124 | Logging system initialized
2025-10-10 12:22:44,009 | INFO | info:124 | DFS Optimizer v2.1 started with enhanced features
2025-10-10 12:22:44,782 | INFO | info:124 | Logging system initialized
2025-10-10 12:22:44,783 | INFO | info:124 | DFS Optimizer v2.1 started with enhanced features
2025-10-10 12:22:45,601 | INFO | info:124 | Logging system initialized
2025-10-10 12:22:45,602 | INFO | info:124 | DFS Optimizer v2.1 started with enhanced features
2025-10-10 12:22:46,852 | INFO | info:124 | Logging system initialized
2025-10-10 12:22:46,852 | INFO | info:124 | DFS Optimizer v2.1 started with enhanced features
2025-10-10 12:22:47,647 | INFO | info:124 | Logging system initialized
2025-10-10 12:22:47,648 | INFO | info:124 | DFS Optimizer v2.1 started with enhanced features
2025-10-10 12:22:48,477 | INFO | info:124 | Logging system initialized
2025-10-10 12:22:48,477 | INFO | info:124 | DFS Optimizer v2.1 started with enhanced features
2025-10-10 12:22:49,238 | INFO | info:124 | Logging system initialized
2025-10-10 12:22:49,239 | INFO | info:124 | DFS Optimizer v2.1 started with enhanced features
2025-10-10 12:22:49,964 | INFO | info:124 | Logging system initialized
2025-10-10 12:22:49,966 | INFO | info:124 | DFS Optimizer v2.1 started with enhanced features
2025-10-10 12:22:50,600 | INFO | info:124 | Logging system initialized
2025-10-10 12:22:50,600 | INFO | info:124 | DFS Optimizer v2.1 started with enhanced features
2025-10-10 12:22:51,301 | INFO | info:124 | Logging system initialized
2025-10-10 12:22:51,302 | INFO | info:124 | DFS Optimizer v2.1 started with enhanced features
2025-10-10 12:22:52,093 | INFO | info:124 | Logging system initialized
2025-10-10 12:22:52,094 | INFO | info:124 | DFS Optimizer v2.1 started with enhanced features
2025-10-10 12:22:53,249 | INFO | info:124 | Logging system initialized
2025-10-10 12:22:53,250 | INFO | info:124 | DFS Optimizer v2.1 started with enhanced features
2025-10-10 12:22:55,612 | INFO | info:124 | Logging system initialized
2025-10-10 12:22:55,613 | INFO | info:124 | DFS Optimizer v2.1 started with enhanced features
2025-10-10 12:23:09,116 | INFO | info:124 | Logging system initialized
2025-10-10 12:23:09,119 | INFO | info:124 | DFS Optimizer v2.1 started with enhanced features
2025-10-10 12:23:10,093 | INFO | info:124 | Logging system initialized
2025-10-10 12:23:10,094 | INFO | info:124 | DFS Optimizer v2.1 started with enhanced features
2025-10-10 12:23:11,646 | INFO | info:124 | Logging system initialized
2025-10-10 12:23:11,647 | INFO | info:124 | DFS Optimizer v2.1 started with enhanced features
2025-10-10 12:23:12,512 | INFO | info:124 | Logging system initialized
2025-10-10 12:23:12,513 | INFO | info:124 | DFS Optimizer v2.1 started with enhanced features
2025-10-10 12:23:13,295 | INFO | info:124 | Logging system initialized
2025-10-10 12:23:13,296 | INFO | info:124 | DFS Optimizer v2.1 started with enhanced features
2025-10-10 12:23:14,111 | INFO | info:124 | Logging system initialized
2025-10-10 12:23:14,112 | INFO | info:124 | DFS Optimizer v2.1 started with enhanced features
2025-10-10 12:23:14,928 | INFO | info:124 | Logging system initialized
2025-10-10 12:23:14,929 | INFO | info:124 | DFS Optimizer v2.1 started with enhanced features
2025-10-10 12:23:17,313 | INFO | info:124 | Logging system initialized
2025-10-10 12:23:17,313 | INFO | info:124 | DFS Optimizer v2.1 started with enhanced features
2025-10-10 12:23:18,250 | INFO | info:124 | Logging system initialized
2025-10-10 12:23:18,250 | INFO | info:124 | DFS Optimizer v2.1 started with enhanced features
2025-10-10 12:23:25,098 | INFO | info:124 | Logging system initialized
2025-10-10 12:23:25,101 | INFO | info:124 | DFS Optimizer v2.1 started with enhanced features
2025-10-10 12:23:26,000 | INFO | info:124 | Logging system initialized
2025-10-10 12:23:26,002 | INFO | info:124 | DFS Optimizer v2.1 started with enhanced features
2025-10-10 12:23:28,003 | INFO | info:124 | Logging system initialized
2025-10-10 12:23:28,004 | INFO | info:124 | DFS Optimizer v2.1 started with enhanced features
2025-10-10 12:23:30,696 | INFO | info:124 | Logging system initialized
2025-10-10 12:23:30,697 | INFO | info:124 | DFS Optimizer v2.1 started with enhanced features
2025-10-10 12:24:16,772 | INFO | info:124 | Logging system initialized
2025-10-10 12:24:16,774 | INFO | info:124 | DFS Optimizer v2.1 started with enhanced features
2025-10-10 12:40:35,844 | INFO | info:124 | Logging system initialized
2025-10-10 12:40:35,845 | INFO | info:124 | DFS Optimizer v2.1 started with enhanced features
2025-10-10 12:40:59,645 | INFO | info:124 | Logging system initialized
2025-10-10 12:40:59,647 | INFO | info:124 | DFS Optimizer v2.1 started with enhanced features
2025-10-10 12:47:11,385 | INFO | info:124 | Logging system initialized
2025-10-10 12:47:11,386 | INFO | info:124 | DFS Optimizer v2.1 started with enhanced features
2025-10-10 12:49:59,378 | INFO | info:124 | Logging system initialized
2025-10-10 12:49:59,381 | INFO | info:124 | DFS Optimizer v2.1 started with enhanced features
2025-10-10 12:49:59,394 | INFO | info:124 | Starting operation: load_player_data
2025-10-10 12:49:59,439 | INFO | info:124 | Loaded 168 players with enhanced features
2025-10-10 12:49:59,439 | INFO | info:124 | Completed operation: load_player_data in 0.045s
2025-10-10 12:50:14,524 | INFO | info:124 | Logging system initialized
2025-10-10 12:50:14,525 | INFO | info:124 | DFS Optimizer v2.1 started with enhanced features
2025-10-10 12:50:34,151 | INFO | info:124 | Logging system initialized
2025-10-10 12:50:34,153 | INFO | info:124 | DFS Optimizer v2.1 started with enhanced features
