2025-10-12 09:47:10,723 | INFO | info:124 | Logging system initialized
2025-10-12 09:47:10,741 | INFO | info:124 | DFS Optimizer v2.1 started with enhanced features
2025-10-12 09:47:10,759 | INFO | info:124 | Starting operation: load_player_data
2025-10-12 09:47:10,865 | INFO | info:124 | Loaded 168 players with enhanced features
2025-10-12 09:47:10,865 | INFO | info:124 | Completed operation: load_player_data in 0.106s
2025-10-12 09:52:53,155 | INFO | info:124 | Logging system initialized
2025-10-12 09:52:53,156 | INFO | info:124 | DFS Optimizer v2.1 started with enhanced features
2025-10-12 09:52:53,170 | INFO | info:124 | Starting operation: load_player_data
2025-10-12 09:52:53,210 | INFO | info:124 | Loaded 168 players with enhanced features
2025-10-12 09:52:53,211 | INFO | info:124 | Completed operation: load_player_data in 0.041s
2025-10-12 09:53:08,282 | INFO | info:124 | Logging system initialized
2025-10-12 09:53:08,284 | INFO | info:124 | DFS Optimizer v2.1 started with enhanced features
2025-10-12 09:53:17,363 | INFO | info:124 | Logging system initialized
2025-10-12 09:53:17,364 | INFO | info:124 | DFS Optimizer v2.1 started with enhanced features
2025-10-12 09:53:18,124 | INFO | info:124 | Logging system initialized
2025-10-12 09:53:18,126 | INFO | info:124 | DFS Optimizer v2.1 started with enhanced features
2025-10-12 09:53:18,795 | INFO | info:124 | Logging system initialized
2025-10-12 09:53:18,796 | INFO | info:124 | DFS Optimizer v2.1 started with enhanced features
2025-10-12 09:53:20,563 | INFO | info:124 | Logging system initialized
2025-10-12 09:53:20,564 | INFO | info:124 | DFS Optimizer v2.1 started with enhanced features
2025-10-12 09:53:21,607 | INFO | info:124 | Logging system initialized
2025-10-12 09:53:21,608 | INFO | info:124 | DFS Optimizer v2.1 started with enhanced features
2025-10-12 09:53:22,367 | INFO | info:124 | Logging system initialized
2025-10-12 09:53:22,370 | INFO | info:124 | DFS Optimizer v2.1 started with enhanced features
2025-10-12 09:53:23,162 | INFO | info:124 | Logging system initialized
2025-10-12 09:53:23,164 | INFO | info:124 | DFS Optimizer v2.1 started with enhanced features
2025-10-12 09:53:23,866 | INFO | info:124 | Logging system initialized
2025-10-12 09:53:23,867 | INFO | info:124 | DFS Optimizer v2.1 started with enhanced features
2025-10-12 09:53:24,683 | INFO | info:124 | Logging system initialized
2025-10-12 09:53:24,684 | INFO | info:124 | DFS Optimizer v2.1 started with enhanced features
2025-10-12 09:53:26,284 | INFO | info:124 | Logging system initialized
2025-10-12 09:53:26,285 | INFO | info:124 | DFS Optimizer v2.1 started with enhanced features
2025-10-12 09:53:27,246 | INFO | info:124 | Logging system initialized
2025-10-12 09:53:27,247 | INFO | info:124 | DFS Optimizer v2.1 started with enhanced features
2025-10-12 09:53:28,009 | INFO | info:124 | Logging system initialized
2025-10-12 09:53:28,010 | INFO | info:124 | DFS Optimizer v2.1 started with enhanced features
2025-10-12 09:53:28,835 | INFO | info:124 | Logging system initialized
2025-10-12 09:53:28,836 | INFO | info:124 | DFS Optimizer v2.1 started with enhanced features
2025-10-12 09:53:29,772 | INFO | info:124 | Logging system initialized
2025-10-12 09:53:29,772 | INFO | info:124 | DFS Optimizer v2.1 started with enhanced features
2025-10-12 09:53:30,598 | INFO | info:124 | Logging system initialized
2025-10-12 09:53:30,599 | INFO | info:124 | DFS Optimizer v2.1 started with enhanced features
2025-10-12 09:53:31,451 | INFO | info:124 | Logging system initialized
2025-10-12 09:53:31,452 | INFO | info:124 | DFS Optimizer v2.1 started with enhanced features
2025-10-12 09:53:32,503 | INFO | info:124 | Logging system initialized
2025-10-12 09:53:32,504 | INFO | info:124 | DFS Optimizer v2.1 started with enhanced features
2025-10-12 09:53:33,782 | INFO | info:124 | Logging system initialized
2025-10-12 09:53:33,783 | INFO | info:124 | DFS Optimizer v2.1 started with enhanced features
2025-10-12 09:53:35,084 | INFO | info:124 | Logging system initialized
2025-10-12 09:53:35,085 | INFO | info:124 | DFS Optimizer v2.1 started with enhanced features
2025-10-12 09:53:39,337 | INFO | info:124 | Logging system initialized
2025-10-12 09:53:39,338 | INFO | info:124 | DFS Optimizer v2.1 started with enhanced features
2025-10-12 09:53:40,222 | INFO | info:124 | Logging system initialized
2025-10-12 09:53:40,223 | INFO | info:124 | DFS Optimizer v2.1 started with enhanced features
2025-10-12 09:53:41,143 | INFO | info:124 | Logging system initialized
2025-10-12 09:53:41,143 | INFO | info:124 | DFS Optimizer v2.1 started with enhanced features
2025-10-12 09:53:42,439 | INFO | info:124 | Logging system initialized
2025-10-12 09:53:42,440 | INFO | info:124 | DFS Optimizer v2.1 started with enhanced features
2025-10-12 09:53:43,422 | INFO | info:124 | Logging system initialized
2025-10-12 09:53:43,423 | INFO | info:124 | DFS Optimizer v2.1 started with enhanced features
2025-10-12 09:53:44,393 | INFO | info:124 | Logging system initialized
2025-10-12 09:53:44,394 | INFO | info:124 | DFS Optimizer v2.1 started with enhanced features
2025-10-12 09:53:45,532 | INFO | info:124 | Logging system initialized
2025-10-12 09:53:45,533 | INFO | info:124 | DFS Optimizer v2.1 started with enhanced features
2025-10-12 09:53:48,208 | INFO | info:124 | Logging system initialized
2025-10-12 09:53:48,209 | INFO | info:124 | DFS Optimizer v2.1 started with enhanced features
2025-10-12 09:53:51,405 | INFO | info:124 | Logging system initialized
2025-10-12 09:53:51,406 | INFO | info:124 | DFS Optimizer v2.1 started with enhanced features
2025-10-12 09:53:52,335 | INFO | info:124 | Logging system initialized
2025-10-12 09:53:52,335 | INFO | info:124 | DFS Optimizer v2.1 started with enhanced features
2025-10-12 09:53:53,215 | INFO | info:124 | Logging system initialized
2025-10-12 09:53:53,215 | INFO | info:124 | DFS Optimizer v2.1 started with enhanced features
2025-10-12 09:53:54,191 | INFO | info:124 | Logging system initialized
2025-10-12 09:53:54,193 | INFO | info:124 | DFS Optimizer v2.1 started with enhanced features
2025-10-12 09:53:55,121 | INFO | info:124 | Logging system initialized
2025-10-12 09:53:55,122 | INFO | info:124 | DFS Optimizer v2.1 started with enhanced features
2025-10-12 09:53:56,929 | INFO | info:124 | Logging system initialized
2025-10-12 09:53:56,929 | INFO | info:124 | DFS Optimizer v2.1 started with enhanced features
2025-10-12 09:53:58,051 | INFO | info:124 | Logging system initialized
2025-10-12 09:53:58,052 | INFO | info:124 | DFS Optimizer v2.1 started with enhanced features
2025-10-12 09:53:59,295 | INFO | info:124 | Logging system initialized
2025-10-12 09:53:59,295 | INFO | info:124 | DFS Optimizer v2.1 started with enhanced features
2025-10-12 09:54:01,256 | INFO | info:124 | Logging system initialized
2025-10-12 09:54:01,256 | INFO | info:124 | DFS Optimizer v2.1 started with enhanced features
2025-10-12 09:54:02,451 | INFO | info:124 | Logging system initialized
2025-10-12 09:54:02,451 | INFO | info:124 | DFS Optimizer v2.1 started with enhanced features
2025-10-12 09:54:03,348 | INFO | info:124 | Logging system initialized
2025-10-12 09:54:03,349 | INFO | info:124 | DFS Optimizer v2.1 started with enhanced features
2025-10-12 09:54:06,971 | INFO | info:124 | Logging system initialized
2025-10-12 09:54:06,973 | INFO | info:124 | DFS Optimizer v2.1 started with enhanced features
2025-10-12 09:54:13,378 | INFO | info:124 | Logging system initialized
2025-10-12 09:54:13,379 | INFO | info:124 | DFS Optimizer v2.1 started with enhanced features
2025-10-12 09:54:40,639 | INFO | info:124 | Logging system initialized
2025-10-12 09:54:40,639 | INFO | info:124 | DFS Optimizer v2.1 started with enhanced features
2025-10-12 09:55:11,460 | INFO | info:124 | Logging system initialized
2025-10-12 09:55:11,461 | INFO | info:124 | DFS Optimizer v2.1 started with enhanced features
2025-10-12 09:55:12,590 | INFO | info:124 | Logging system initialized
2025-10-12 09:55:12,591 | INFO | info:124 | DFS Optimizer v2.1 started with enhanced features
2025-10-12 09:55:14,196 | INFO | info:124 | Logging system initialized
2025-10-12 09:55:14,198 | INFO | info:124 | DFS Optimizer v2.1 started with enhanced features
2025-10-12 09:55:15,808 | INFO | info:124 | Logging system initialized
2025-10-12 09:55:15,809 | INFO | info:124 | DFS Optimizer v2.1 started with enhanced features
2025-10-12 09:55:16,890 | INFO | info:124 | Logging system initialized
2025-10-12 09:55:16,892 | INFO | info:124 | DFS Optimizer v2.1 started with enhanced features
2025-10-12 09:55:19,903 | INFO | info:124 | Logging system initialized
2025-10-12 09:55:19,904 | INFO | info:124 | DFS Optimizer v2.1 started with enhanced features
2025-10-12 09:55:20,977 | INFO | info:124 | Logging system initialized
2025-10-12 09:55:20,978 | INFO | info:124 | DFS Optimizer v2.1 started with enhanced features
2025-10-12 09:56:08,303 | INFO | info:124 | Logging system initialized
2025-10-12 09:56:08,304 | INFO | info:124 | DFS Optimizer v2.1 started with enhanced features
2025-10-12 09:57:15,735 | INFO | info:124 | Logging system initialized
2025-10-12 09:57:15,736 | INFO | info:124 | DFS Optimizer v2.1 started with enhanced features
2025-10-12 09:57:18,834 | INFO | info:124 | Logging system initialized
2025-10-12 09:57:18,834 | INFO | info:124 | DFS Optimizer v2.1 started with enhanced features
2025-10-12 09:57:31,082 | INFO | info:124 | Logging system initialized
2025-10-12 09:57:31,084 | INFO | info:124 | DFS Optimizer v2.1 started with enhanced features
2025-10-12 15:09:53,438 | INFO | info:124 | Logging system initialized
2025-10-12 15:09:53,440 | INFO | info:124 | DFS Optimizer v2.1 started with enhanced features
2025-10-12 15:09:53,459 | INFO | info:124 | Starting operation: load_player_data
2025-10-12 15:09:53,555 | INFO | info:124 | Loaded 168 players with enhanced features
2025-10-12 15:09:53,556 | INFO | info:124 | Completed operation: load_player_data in 0.097s
2025-10-12 15:09:57,273 | INFO | info:124 | Logging system initialized
2025-10-12 15:09:57,275 | INFO | info:124 | DFS Optimizer v2.1 started with enhanced features
2025-10-12 15:10:01,043 | INFO | info:124 | Logging system initialized
2025-10-12 15:10:01,044 | INFO | info:124 | DFS Optimizer v2.1 started with enhanced features
2025-10-12 15:10:54,367 | INFO | info:124 | Logging system initialized
2025-10-12 15:10:54,368 | INFO | info:124 | DFS Optimizer v2.1 started with enhanced features
2025-10-12 15:10:57,380 | INFO | info:124 | Logging system initialized
2025-10-12 15:10:57,381 | INFO | info:124 | DFS Optimizer v2.1 started with enhanced features
2025-10-12 15:19:12,952 | INFO | info:124 | Logging system initialized
2025-10-12 15:19:12,953 | INFO | info:124 | DFS Optimizer v2.1 started with enhanced features
2025-10-12 15:19:12,973 | INFO | info:124 | Starting operation: load_player_data
2025-10-12 15:19:13,040 | INFO | info:124 | Loaded 168 players with enhanced features
2025-10-12 15:19:13,040 | INFO | info:124 | Completed operation: load_player_data in 0.067s
2025-10-12 15:19:16,498 | INFO | info:124 | Logging system initialized
2025-10-12 15:19:16,499 | INFO | info:124 | DFS Optimizer v2.1 started with enhanced features
2025-10-12 15:19:21,225 | INFO | info:124 | Logging system initialized
2025-10-12 15:19:21,227 | INFO | info:124 | DFS Optimizer v2.1 started with enhanced features
2025-10-12 15:20:09,230 | INFO | info:124 | Logging system initialized
2025-10-12 15:20:09,231 | INFO | info:124 | DFS Optimizer v2.1 started with enhanced features
2025-10-12 15:20:12,235 | INFO | info:124 | Logging system initialized
2025-10-12 15:20:12,236 | INFO | info:124 | DFS Optimizer v2.1 started with enhanced features
2025-10-12 15:22:44,335 | INFO | info:124 | Logging system initialized
2025-10-12 15:22:44,336 | INFO | info:124 | DFS Optimizer v2.1 started with enhanced features
2025-10-12 15:22:44,355 | INFO | info:124 | Starting operation: load_player_data
2025-10-12 15:22:44,399 | INFO | info:124 | Loaded 168 players with enhanced features
2025-10-12 15:22:44,399 | INFO | info:124 | Completed operation: load_player_data in 0.044s
2025-10-12 15:22:50,633 | INFO | info:124 | Logging system initialized
2025-10-12 15:22:50,637 | INFO | info:124 | DFS Optimizer v2.1 started with enhanced features
2025-10-12 15:22:58,377 | INFO | info:124 | Logging system initialized
2025-10-12 15:22:58,378 | INFO | info:124 | DFS Optimizer v2.1 started with enhanced features
2025-10-12 15:23:43,251 | INFO | info:124 | Logging system initialized
2025-10-12 15:23:43,252 | INFO | info:124 | DFS Optimizer v2.1 started with enhanced features
2025-10-12 15:23:45,987 | INFO | info:124 | Logging system initialized
2025-10-12 15:23:45,992 | INFO | info:124 | DFS Optimizer v2.1 started with enhanced features
2025-10-12 15:50:58,385 | INFO | info:124 | Logging system initialized
2025-10-12 15:50:58,386 | INFO | info:124 | DFS Optimizer v2.1 started with enhanced features
2025-10-12 15:50:58,401 | INFO | info:124 | Starting operation: load_player_data
2025-10-12 15:50:58,444 | INFO | info:124 | Loaded 168 players with enhanced features
2025-10-12 15:50:58,444 | INFO | info:124 | Completed operation: load_player_data in 0.043s
2025-10-12 15:51:40,284 | INFO | info:124 | Logging system initialized
2025-10-12 15:51:40,285 | INFO | info:124 | DFS Optimizer v2.1 started with enhanced features
2025-10-12 15:52:01,475 | INFO | info:124 | Logging system initialized
2025-10-12 15:52:01,491 | INFO | info:124 | DFS Optimizer v2.1 started with enhanced features
2025-10-12 15:52:50,995 | INFO | info:124 | Logging system initialized
2025-10-12 15:52:50,998 | INFO | info:124 | DFS Optimizer v2.1 started with enhanced features
2025-10-12 15:53:06,674 | INFO | info:124 | Logging system initialized
2025-10-12 15:53:06,679 | INFO | info:124 | DFS Optimizer v2.1 started with enhanced features
2025-10-12 15:53:15,605 | INFO | info:124 | Logging system initialized
2025-10-12 15:53:15,607 | INFO | info:124 | DFS Optimizer v2.1 started with enhanced features
2025-10-12 15:53:17,958 | INFO | info:124 | Logging system initialized
2025-10-12 15:53:17,958 | INFO | info:124 | DFS Optimizer v2.1 started with enhanced features
2025-10-12 15:53:32,375 | INFO | info:124 | Logging system initialized
2025-10-12 15:53:32,377 | INFO | info:124 | DFS Optimizer v2.1 started with enhanced features
2025-10-12 15:59:11,930 | INFO | info:124 | Logging system initialized
2025-10-12 15:59:11,931 | INFO | info:124 | DFS Optimizer v2.1 started with enhanced features
2025-10-12 15:59:11,953 | INFO | info:124 | Starting operation: load_player_data
2025-10-12 15:59:12,014 | INFO | info:124 | Loaded 168 players with enhanced features
2025-10-12 15:59:12,015 | INFO | info:124 | Completed operation: load_player_data in 0.061s
2025-10-12 15:59:43,794 | INFO | info:124 | Logging system initialized
2025-10-12 15:59:43,797 | INFO | info:124 | DFS Optimizer v2.1 started with enhanced features
2025-10-12 15:59:58,807 | INFO | info:124 | Logging system initialized
2025-10-12 15:59:58,810 | INFO | info:124 | DFS Optimizer v2.1 started with enhanced features
2025-10-12 16:00:04,593 | INFO | info:124 | Logging system initialized
2025-10-12 16:00:04,595 | INFO | info:124 | DFS Optimizer v2.1 started with enhanced features
2025-10-12 16:00:12,561 | INFO | info:124 | Logging system initialized
2025-10-12 16:00:12,564 | INFO | info:124 | DFS Optimizer v2.1 started with enhanced features
2025-10-12 16:05:00,945 | INFO | info:124 | Logging system initialized
2025-10-12 16:05:00,946 | INFO | info:124 | DFS Optimizer v2.1 started with enhanced features
2025-10-12 16:05:18,524 | INFO | info:124 | Logging system initialized
2025-10-12 16:05:18,526 | INFO | info:124 | DFS Optimizer v2.1 started with enhanced features
2025-10-12 16:05:45,377 | INFO | info:124 | Logging system initialized
2025-10-12 16:05:45,387 | INFO | info:124 | DFS Optimizer v2.1 started with enhanced features
2025-10-12 16:05:51,592 | INFO | info:124 | Logging system initialized
2025-10-12 16:05:51,595 | INFO | info:124 | DFS Optimizer v2.1 started with enhanced features
2025-10-12 16:06:10,433 | INFO | info:124 | Logging system initialized
2025-10-12 16:06:10,435 | INFO | info:124 | DFS Optimizer v2.1 started with enhanced features
2025-10-12 16:06:13,822 | INFO | info:124 | Logging system initialized
2025-10-12 16:06:13,823 | INFO | info:124 | DFS Optimizer v2.1 started with enhanced features
2025-10-12 16:12:41,105 | INFO | info:124 | Logging system initialized
2025-10-12 16:12:41,107 | INFO | info:124 | DFS Optimizer v2.1 started with enhanced features
2025-10-12 16:12:58,079 | INFO | info:124 | Logging system initialized
2025-10-12 16:12:58,082 | INFO | info:124 | DFS Optimizer v2.1 started with enhanced features
2025-10-12 16:13:15,184 | INFO | info:124 | Logging system initialized
2025-10-12 16:13:15,189 | INFO | info:124 | DFS Optimizer v2.1 started with enhanced features
2025-10-12 16:13:35,737 | INFO | info:124 | Logging system initialized
2025-10-12 16:13:35,740 | INFO | info:124 | DFS Optimizer v2.1 started with enhanced features
2025-10-12 16:13:43,703 | INFO | info:124 | Logging system initialized
2025-10-12 16:13:43,704 | INFO | info:124 | DFS Optimizer v2.1 started with enhanced features
2025-10-12 16:13:49,255 | INFO | info:124 | Logging system initialized
2025-10-12 16:13:49,256 | INFO | info:124 | DFS Optimizer v2.1 started with enhanced features
2025-10-12 16:16:20,893 | INFO | info:124 | Logging system initialized
2025-10-12 16:16:20,895 | INFO | info:124 | DFS Optimizer v2.1 started with enhanced features
2025-10-12 16:16:43,320 | INFO | info:124 | Logging system initialized
2025-10-12 16:16:43,324 | INFO | info:124 | DFS Optimizer v2.1 started with enhanced features
2025-10-12 16:16:45,084 | INFO | info:124 | Logging system initialized
2025-10-12 16:16:45,086 | INFO | info:124 | DFS Optimizer v2.1 started with enhanced features
2025-10-12 16:16:52,772 | INFO | info:124 | Logging system initialized
2025-10-12 16:16:52,776 | INFO | info:124 | DFS Optimizer v2.1 started with enhanced features
2025-10-12 16:24:08,446 | INFO | info:124 | Logging system initialized
2025-10-12 16:24:08,447 | INFO | info:124 | DFS Optimizer v2.1 started with enhanced features
2025-10-12 16:24:14,569 | INFO | info:124 | Logging system initialized
2025-10-12 16:24:14,570 | INFO | info:124 | DFS Optimizer v2.1 started with enhanced features
2025-10-12 16:24:18,846 | INFO | info:124 | Logging system initialized
2025-10-12 16:24:18,847 | INFO | info:124 | DFS Optimizer v2.1 started with enhanced features
2025-10-12 16:24:29,818 | INFO | info:124 | Logging system initialized
2025-10-12 16:24:29,820 | INFO | info:124 | DFS Optimizer v2.1 started with enhanced features
2025-10-12 16:59:39,137 | INFO | info:124 | Logging system initialized
2025-10-12 16:59:39,140 | INFO | info:124 | DFS Optimizer v2.1 started with enhanced features
2025-10-12 16:59:39,162 | INFO | info:124 | Starting operation: load_player_data
2025-10-12 16:59:39,237 | INFO | info:124 | Loaded 168 players with enhanced features
2025-10-12 16:59:39,237 | INFO | info:124 | Completed operation: load_player_data in 0.075s
2025-10-12 17:00:10,881 | INFO | info:124 | Logging system initialized
2025-10-12 17:00:10,882 | INFO | info:124 | DFS Optimizer v2.1 started with enhanced features
2025-10-12 17:00:30,243 | INFO | info:124 | Logging system initialized
2025-10-12 17:00:30,244 | INFO | info:124 | DFS Optimizer v2.1 started with enhanced features
2025-10-12 17:00:55,675 | INFO | info:124 | Logging system initialized
2025-10-12 17:00:55,677 | INFO | info:124 | DFS Optimizer v2.1 started with enhanced features
2025-10-12 17:01:46,908 | INFO | info:124 | Logging system initialized
2025-10-12 17:01:46,910 | INFO | info:124 | DFS Optimizer v2.1 started with enhanced features
2025-10-12 17:01:58,063 | INFO | info:124 | Logging system initialized
2025-10-12 17:01:58,067 | INFO | info:124 | DFS Optimizer v2.1 started with enhanced features
2025-10-12 17:02:15,969 | INFO | info:124 | Logging system initialized
2025-10-12 17:02:15,970 | INFO | info:124 | DFS Optimizer v2.1 started with enhanced features
2025-10-12 17:02:16,908 | INFO | info:124 | Logging system initialized
2025-10-12 17:02:16,909 | INFO | info:124 | DFS Optimizer v2.1 started with enhanced features
2025-10-12 17:02:17,805 | INFO | info:124 | Logging system initialized
2025-10-12 17:02:17,807 | INFO | info:124 | DFS Optimizer v2.1 started with enhanced features
2025-10-12 17:02:18,900 | INFO | info:124 | Logging system initialized
2025-10-12 17:02:18,901 | INFO | info:124 | DFS Optimizer v2.1 started with enhanced features
2025-10-12 17:02:19,762 | INFO | info:124 | Logging system initialized
2025-10-12 17:02:19,763 | INFO | info:124 | DFS Optimizer v2.1 started with enhanced features
2025-10-12 17:02:20,648 | INFO | info:124 | Logging system initialized
2025-10-12 17:02:20,649 | INFO | info:124 | DFS Optimizer v2.1 started with enhanced features
2025-10-12 17:02:21,412 | INFO | info:124 | Logging system initialized
2025-10-12 17:02:21,412 | INFO | info:124 | DFS Optimizer v2.1 started with enhanced features
2025-10-12 17:02:22,147 | INFO | info:124 | Logging system initialized
2025-10-12 17:02:22,148 | INFO | info:124 | DFS Optimizer v2.1 started with enhanced features
2025-10-12 17:02:22,552 | INFO | info:124 | Logging system initialized
2025-10-12 17:02:22,553 | INFO | info:124 | DFS Optimizer v2.1 started with enhanced features
2025-10-12 17:02:23,218 | INFO | info:124 | Logging system initialized
2025-10-12 17:02:23,218 | INFO | info:124 | DFS Optimizer v2.1 started with enhanced features
2025-10-12 17:02:23,910 | INFO | info:124 | Logging system initialized
2025-10-12 17:02:23,911 | INFO | info:124 | DFS Optimizer v2.1 started with enhanced features
2025-10-12 17:02:24,308 | INFO | info:124 | Logging system initialized
2025-10-12 17:02:24,309 | INFO | info:124 | DFS Optimizer v2.1 started with enhanced features
2025-10-12 17:02:24,989 | INFO | info:124 | Logging system initialized
2025-10-12 17:02:24,990 | INFO | info:124 | DFS Optimizer v2.1 started with enhanced features
2025-10-12 17:02:25,504 | INFO | info:124 | Logging system initialized
2025-10-12 17:02:25,504 | INFO | info:124 | DFS Optimizer v2.1 started with enhanced features
2025-10-12 17:02:26,179 | INFO | info:124 | Logging system initialized
2025-10-12 17:02:26,180 | INFO | info:124 | DFS Optimizer v2.1 started with enhanced features
2025-10-12 17:02:26,866 | INFO | info:124 | Logging system initialized
2025-10-12 17:02:26,867 | INFO | info:124 | DFS Optimizer v2.1 started with enhanced features
2025-10-12 17:02:27,489 | INFO | info:124 | Logging system initialized
2025-10-12 17:02:27,489 | INFO | info:124 | DFS Optimizer v2.1 started with enhanced features
2025-10-12 17:02:28,054 | INFO | info:124 | Logging system initialized
2025-10-12 17:02:28,055 | INFO | info:124 | DFS Optimizer v2.1 started with enhanced features
2025-10-12 17:02:28,763 | INFO | info:124 | Logging system initialized
2025-10-12 17:02:28,764 | INFO | info:124 | DFS Optimizer v2.1 started with enhanced features
2025-10-12 17:02:29,418 | INFO | info:124 | Logging system initialized
2025-10-12 17:02:29,419 | INFO | info:124 | DFS Optimizer v2.1 started with enhanced features
2025-10-12 17:02:30,038 | INFO | info:124 | Logging system initialized
2025-10-12 17:02:30,039 | INFO | info:124 | DFS Optimizer v2.1 started with enhanced features
2025-10-12 17:02:30,804 | INFO | info:124 | Logging system initialized
2025-10-12 17:02:30,805 | INFO | info:124 | DFS Optimizer v2.1 started with enhanced features
2025-10-12 17:02:31,608 | INFO | info:124 | Logging system initialized
2025-10-12 17:02:31,609 | INFO | info:124 | DFS Optimizer v2.1 started with enhanced features
2025-10-12 17:02:32,383 | INFO | info:124 | Logging system initialized
2025-10-12 17:02:32,385 | INFO | info:124 | DFS Optimizer v2.1 started with enhanced features
2025-10-12 17:02:33,102 | INFO | info:124 | Logging system initialized
2025-10-12 17:02:33,103 | INFO | info:124 | DFS Optimizer v2.1 started with enhanced features
2025-10-12 17:02:33,847 | INFO | info:124 | Logging system initialized
2025-10-12 17:02:33,849 | INFO | info:124 | DFS Optimizer v2.1 started with enhanced features
2025-10-12 17:02:34,544 | INFO | info:124 | Logging system initialized
2025-10-12 17:02:34,545 | INFO | info:124 | DFS Optimizer v2.1 started with enhanced features
2025-10-12 17:02:35,302 | INFO | info:124 | Logging system initialized
2025-10-12 17:02:35,304 | INFO | info:124 | DFS Optimizer v2.1 started with enhanced features
2025-10-12 17:02:36,057 | INFO | info:124 | Logging system initialized
2025-10-12 17:02:36,058 | INFO | info:124 | DFS Optimizer v2.1 started with enhanced features
2025-10-12 17:02:37,158 | INFO | info:124 | Logging system initialized
2025-10-12 17:02:37,159 | INFO | info:124 | DFS Optimizer v2.1 started with enhanced features
2025-10-12 17:02:37,976 | INFO | info:124 | Logging system initialized
2025-10-12 17:02:37,976 | INFO | info:124 | DFS Optimizer v2.1 started with enhanced features
2025-10-12 17:02:38,914 | INFO | info:124 | Logging system initialized
2025-10-12 17:02:38,915 | INFO | info:124 | DFS Optimizer v2.1 started with enhanced features
2025-10-12 17:02:39,606 | INFO | info:124 | Logging system initialized
2025-10-12 17:02:39,607 | INFO | info:124 | DFS Optimizer v2.1 started with enhanced features
2025-10-12 17:02:40,495 | INFO | info:124 | Logging system initialized
2025-10-12 17:02:40,497 | INFO | info:124 | DFS Optimizer v2.1 started with enhanced features
2025-10-12 17:02:41,289 | INFO | info:124 | Logging system initialized
2025-10-12 17:02:41,290 | INFO | info:124 | DFS Optimizer v2.1 started with enhanced features
2025-10-12 17:02:42,413 | INFO | info:124 | Logging system initialized
2025-10-12 17:02:42,414 | INFO | info:124 | DFS Optimizer v2.1 started with enhanced features
2025-10-12 17:02:43,198 | INFO | info:124 | Logging system initialized
2025-10-12 17:02:43,200 | INFO | info:124 | DFS Optimizer v2.1 started with enhanced features
2025-10-12 17:02:44,151 | INFO | info:124 | Logging system initialized
2025-10-12 17:02:44,151 | INFO | info:124 | DFS Optimizer v2.1 started with enhanced features
2025-10-12 17:02:45,160 | INFO | info:124 | Logging system initialized
2025-10-12 17:02:45,162 | INFO | info:124 | DFS Optimizer v2.1 started with enhanced features
2025-10-12 17:02:46,938 | INFO | info:124 | Logging system initialized
2025-10-12 17:02:46,938 | INFO | info:124 | DFS Optimizer v2.1 started with enhanced features
2025-10-12 17:03:22,375 | INFO | info:124 | Logging system initialized
2025-10-12 17:03:22,376 | INFO | info:124 | DFS Optimizer v2.1 started with enhanced features
2025-10-12 17:03:31,612 | INFO | info:124 | Logging system initialized
2025-10-12 17:03:31,613 | INFO | info:124 | DFS Optimizer v2.1 started with enhanced features
2025-10-12 17:18:59,666 | INFO | info:124 | Logging system initialized
2025-10-12 17:18:59,667 | INFO | info:124 | DFS Optimizer v2.1 started with enhanced features
2025-10-12 17:18:59,691 | INFO | info:124 | Starting operation: load_player_data
2025-10-12 17:18:59,742 | INFO | info:124 | Loaded 168 players with enhanced features
2025-10-12 17:18:59,742 | INFO | info:124 | Completed operation: load_player_data in 0.051s
2025-10-12 17:19:09,417 | INFO | info:124 | Logging system initialized
2025-10-12 17:19:09,418 | INFO | info:124 | DFS Optimizer v2.1 started with enhanced features
2025-10-12 17:19:13,360 | INFO | info:124 | Logging system initialized
2025-10-12 17:19:13,361 | INFO | info:124 | DFS Optimizer v2.1 started with enhanced features
