2025-11-14 08:19:15,033 | ERROR | error:199 | Failed operation: load_player_data | Exception: Required CSV file not found: FanDuel-NFL-2025 EST-11 EST-02 EST-122147-players-list.csv
(<class 'FileNotFoundError'>, FileNotFoundError('Required CSV file not found: FanDuel-NFL-2025 EST-11 EST-02 EST-122147-players-list.csv'), <traceback object at 0x00000174FC4E3D40>)
Traceback (most recent call last):
  File "C:\Users\jamin\OneDrive\NFL scrapping\NFL_DFS_OPTIMZER\dfs_optimizer_app.py", line 109, in load_player_data
    with log_operation("load_player_data"):
             ^^^^^^^^^^^^^^^^^^^^^^^^^
  File "C:\Users\jamin\AppData\Local\Programs\Python\Python313\Lib\site-packages\streamlit\runtime\caching\cache_utils.py", line 227, in __call__
    return self._get_or_create_cached_value(args, kwargs, spinner_message)
           ~~~~~~~~~~~~~~~~~~~~~~~~~~~~~~~~^^^^^^^^^^^^^^^^^^^^^^^^^^^^^^^
  File "C:\Users\jamin\AppData\Local\Programs\Python\Python313\Lib\site-packages\streamlit\runtime\caching\cache_utils.py", line 269, in _get_or_create_cached_value
    return self._handle_cache_miss(cache, value_key, func_args, func_kwargs)
           ~~~~~~~~~~~~~~~~~~~~~~~^^^^^^^^^^^^^^^^^^^^^^^^^^^^^^^^^^^^^^^^^^
  File "C:\Users\jamin\AppData\Local\Programs\Python\Python313\Lib\site-packages\streamlit\runtime\caching\cache_utils.py", line 328, in _handle_cache_miss
    computed_value = self._info.func(*func_args, **func_kwargs)
  File "C:\Users\jamin\OneDrive\NFL scrapping\NFL_DFS_OPTIMZER\performance_cache.py", line 89, in cached_load_player_data
    raise FileNotFoundError(f"Required CSV file not found: {target_file}")
FileNotFoundError: Required CSV file not found: FanDuel-NFL-2025 EST-11 EST-02 EST-122147-players-list.csv
2025-11-14 08:19:15,044 | ERROR | error:199 | Enhanced data loading failed, falling back to standard loading | Exception: Required CSV file not found: FanDuel-NFL-2025 EST-11 EST-02 EST-122147-players-list.csv
(<class 'FileNotFoundError'>, FileNotFoundError('Required CSV file not found: FanDuel-NFL-2025 EST-11 EST-02 EST-122147-players-list.csv'), <traceback object at 0x00000174FC4E3D40>)
Traceback (most recent call last):
  File "C:\Users\jamin\OneDrive\NFL scrapping\NFL_DFS_OPTIMZER\dfs_optimizer_app.py", line 109, in load_player_data
    with log_operation("load_player_data"):
             ^^^^^^^^^^^^^^^^^^^^^^^^^
  File "C:\Users\jamin\AppData\Local\Programs\Python\Python313\Lib\site-packages\streamlit\runtime\caching\cache_utils.py", line 227, in __call__
    return self._get_or_create_cached_value(args, kwargs, spinner_message)
           ~~~~~~~~~~~~~~~~~~~~~~~~~~~~~~~~^^^^^^^^^^^^^^^^^^^^^^^^^^^^^^^
  File "C:\Users\jamin\AppData\Local\Programs\Python\Python313\Lib\site-packages\streamlit\runtime\caching\cache_utils.py", line 269, in _get_or_create_cached_value
    return self._handle_cache_miss(cache, value_key, func_args, func_kwargs)
           ~~~~~~~~~~~~~~~~~~~~~~~^^^^^^^^^^^^^^^^^^^^^^^^^^^^^^^^^^^^^^^^^^
  File "C:\Users\jamin\AppData\Local\Programs\Python\Python313\Lib\site-packages\streamlit\runtime\caching\cache_utils.py", line 328, in _handle_cache_miss
    computed_value = self._info.func(*func_args, **func_kwargs)
  File "C:\Users\jamin\OneDrive\NFL scrapping\NFL_DFS_OPTIMZER\performance_cache.py", line 89, in cached_load_player_data
    raise FileNotFoundError(f"Required CSV file not found: {target_file}")
FileNotFoundError: Required CSV file not found: FanDuel-NFL-2025 EST-11 EST-02 EST-122147-players-list.csv
